{"level":"info","message":"rnbackend is running on port 8080","service":"user-service"}
{"level":"info","message":"rnbackend is running on port 8080","service":"user-service"}
{"level":"info","message":"rnbackend is running on port 8080"}
{"level":"info","message":"rnbackend is running on port 8080"}
{"level":"info","message":"Jon finder searching"}
{"level":"info","message":"rnbackend is running on port 8080"}
{"level":"info","message":"Jon finder searching"}
{"level":"info","message":"rnbackend is running on port 8080"}
{"level":"info","message":"rnbackend is running on port 8080"}
{"level":"info","message":"rnbackend is running on port 8080"}
{"level":"info","message":"rnbackend is running on port 8080"}
{"level":"info","message":"rnbackend is running on port 8080"}
{"level":"info","message":"rnbackend is running on port 8080"}
{"clientVersion":"5.12.1","code":"P2011","level":"info","meta":{"constraint":["role"],"modelName":"User"},"name":"PrismaClientKnownRequestError"}
{"level":"info","message":"rnbackend is running on port 8080"}
{"clientVersion":"5.12.1","code":"P2011","level":"info","meta":{"constraint":["role"],"modelName":"User"},"name":"PrismaClientKnownRequestError"}
{"clientVersion":"5.12.1","code":"P2011","level":"info","meta":{"constraint":["role"],"modelName":"User"},"name":"PrismaClientKnownRequestError"}
{"clientVersion":"5.12.1","code":"P2011","level":"info","meta":{"constraint":["role"],"modelName":"User"},"name":"PrismaClientKnownRequestError"}
{"clientVersion":"5.12.1","code":"P2011","level":"info","meta":{"constraint":["role"],"modelName":"User"},"name":"PrismaClientKnownRequestError"}
{"clientVersion":"5.12.1","code":"P2011","level":"info","meta":{"constraint":["role"],"modelName":"User"},"name":"PrismaClientKnownRequestError"}
{"clientVersion":"5.12.1","code":"P2011","level":"info","meta":{"constraint":["role"],"modelName":"User"},"name":"PrismaClientKnownRequestError"}
{"level":"info","message":"rnbackend is running on port 8080"}
{"clientVersion":"5.12.1","code":"P2011","level":"info","meta":{"constraint":["role"],"modelName":"User"},"name":"PrismaClientKnownRequestError"}
{"level":"info","message":"rnbackend is running on port 8080"}
{"clientVersion":"5.12.1","code":"P2011","level":"info","meta":{"constraint":["role"],"modelName":"User"},"name":"PrismaClientKnownRequestError"}
{"level":"info","message":"rnbackend is running on port 8080"}
{"clientVersion":"5.12.1","code":"P2011","level":"info","meta":{"constraint":["role"],"modelName":"User"},"name":"PrismaClientKnownRequestError"}
{"clientVersion":"5.12.1","code":"P2011","level":"info","meta":{"constraint":["role"],"modelName":"User"},"name":"PrismaClientKnownRequestError"}
{"level":"info","message":"rnbackend is running on port 8080"}
{"clientVersion":"5.12.1","code":"P2011","level":"info","meta":{"constraint":["role"],"modelName":"User"},"name":"PrismaClientKnownRequestError"}
{"level":"info","message":"rnbackend is running on port 8080"}
{"clientVersion":"5.12.1","code":"P2011","level":"info","meta":{"constraint":["role"],"modelName":"User"},"name":"PrismaClientKnownRequestError"}
{"level":"info","message":"rnbackend is running on port 8080"}
{"clientVersion":"5.12.1","code":"P2011","level":"info","meta":{"constraint":["role"],"modelName":"User"},"name":"PrismaClientKnownRequestError"}
{"clientVersion":"5.12.1","code":"P2011","level":"info","meta":{"constraint":["role"],"modelName":"User"},"name":"PrismaClientKnownRequestError"}
{"clientVersion":"5.12.1","code":"P2011","level":"info","meta":{"constraint":["role"],"modelName":"User"},"name":"PrismaClientKnownRequestError"}
{"clientVersion":"5.12.1","code":"P2011","level":"info","meta":{"constraint":["role"],"modelName":"User"},"name":"PrismaClientKnownRequestError"}
{"clientVersion":"5.12.1","code":"P2011","level":"info","meta":{"constraint":["role"],"modelName":"User"},"name":"PrismaClientKnownRequestError"}
{"clientVersion":"5.12.1","code":"P2011","level":"info","meta":{"constraint":["role"],"modelName":"User"},"name":"PrismaClientKnownRequestError"}
{"clientVersion":"5.12.1","code":"P2011","level":"info","meta":{"constraint":["role"],"modelName":"User"},"name":"PrismaClientKnownRequestError"}
{"clientVersion":"5.12.1","code":"P2011","level":"info","meta":{"constraint":["role"],"modelName":"User"},"name":"PrismaClientKnownRequestError"}
{"level":"info","message":"rnbackend is running on port 8080"}
{"clientVersion":"5.12.1","code":"P2011","level":"info","meta":{"constraint":["role"],"modelName":"User"},"name":"PrismaClientKnownRequestError"}
{"clientVersion":"5.12.1","code":"P2011","level":"info","meta":{"constraint":["description"],"modelName":"User"},"name":"PrismaClientKnownRequestError"}
{"level":"info","message":"rnbackend is running on port 8080"}
{"level":"info","message":"rnbackend is running on port 8080"}
{"clientVersion":"5.12.1","level":"info","name":"PrismaClientUnknownRequestError"}
{"level":"info","message":"rnbackend is running on port 8080"}
{"level":"info","message":"rnbackend is running on port 8080"}
{"level":"info","message":"rnbackend is running on port 8080"}
{"clientVersion":"5.12.1","level":"info","name":"PrismaClientUnknownRequestError"}
{"level":"info","message":"rnbackend is running on port 8080"}
{"clientVersion":"5.12.1","level":"info","name":"PrismaClientUnknownRequestError"}
{"level":"info","message":"rnbackend is running on port 8080"}
{"level":"info"}
{"level":"info","message":"rnbackend is running on port 8080"}
{"level":"info"}
{"level":"info","message":"rnbackend is running on port 8080"}
{"level":"info"}
{"level":"info","message":"rnbackend is running on port 8080"}
{"clientVersion":"5.12.1","level":"info","name":"PrismaClientValidationError"}
{"level":"info","message":"rnbackend is running on port 8080"}
{"level":"info","message":"rnbackend is running on port 8080"}
{"clientVersion":"5.12.1","level":"info","name":"PrismaClientValidationError"}
{"clientVersion":"5.12.1","level":"info","name":"PrismaClientValidationError"}
{"level":"info","message":"rnbackend is running on port 8080"}
{"clientVersion":"5.12.1","level":"info","name":"PrismaClientValidationError"}
{"level":"info","message":"rnbackend is running on port 8080"}
{"clientVersion":"5.12.1","level":"info","name":"PrismaClientValidationError"}
{"level":"info","message":"rnbackend is running on port 8080"}
{"clientVersion":"5.12.1","level":"info","name":"PrismaClientValidationError"}
{"level":"info","message":"rnbackend is running on port 8080"}
{"level":"info","message":"rnbackend is running on port 8080"}
{"level":"info","message":"rnbackend is running on port 8080"}
{"level":"info","message":"rnbackend is running on port 8080"}
{"level":"info","message":"rnbackend is running on port 8080"}
{"level":"info","message":"rnbackend is running on port 8080"}
{"clientVersion":"5.12.1","level":"info","name":"PrismaClientValidationError"}
{"level":"info","message":"rnbackend is running on port 8080"}
{"clientVersion":"5.12.1","level":"info","name":"PrismaClientValidationError"}
{"level":"info","message":"rnbackend is running on port 8080"}
{"clientVersion":"5.12.1","level":"info","name":"PrismaClientValidationError"}
{"level":"info","message":"rnbackend is running on port 8080"}
{"clientVersion":"5.12.1","level":"info","name":"PrismaClientValidationError"}
{"level":"info","message":"rnbackend is running on port 8080"}
{"level":"info","message":"rnbackend is running on port 8080"}
{"level":"info","message":"rnbackend is running on port 8080"}
{"clientVersion":"5.12.1","code":"P2002","level":"info","meta":{"modelName":"Manager","target":["organisationId"]},"name":"PrismaClientKnownRequestError"}
{"clientVersion":"5.12.1","code":"P2002","level":"info","meta":{"modelName":"Manager","target":["organisationId"]},"name":"PrismaClientKnownRequestError"}
{"level":"info","message":"rnbackend is running on port 8080"}
{"clientVersion":"5.12.1","code":"P2002","level":"info","meta":{"modelName":"Manager","target":["organisationId"]},"name":"PrismaClientKnownRequestError"}
{"level":"info","message":"rnbackend is running on port 8080"}
{"clientVersion":"5.12.1","code":"P2002","level":"info","meta":{"modelName":"Manager","target":["organisationId"]},"name":"PrismaClientKnownRequestError"}
{"clientVersion":"5.12.1","code":"P2002","level":"info","meta":{"modelName":"Manager","target":["organisationId"]},"name":"PrismaClientKnownRequestError"}
{"level":"info","message":"rnbackend is running on port 8080"}
{"clientVersion":"5.12.1","level":"info","name":"PrismaClientValidationError"}
{"level":"info","message":"rnbackend is running on port 8080"}
{"clientVersion":"5.12.1","level":"info","name":"PrismaClientValidationError"}
{"level":"info","message":"rnbackend is running on port 8080"}
{"level":"info","message":"rnbackend is running on port 8080"}
{"level":"info","message":"rnbackend is running on port 8080"}
{"level":"info","message":"rnbackend is running on port 8080"}
{"clientVersion":"5.12.1","level":"info","name":"PrismaClientValidationError"}
{"level":"info","message":"rnbackend is running on port 8080"}
{"level":"info","message":"rnbackend is running on port 8080"}
{"level":"info","message":"rnbackend is running on port 8080"}
{"level":"info","message":"\nInvalid `prisma.agent.findUnique()` invocation in\n/Users/jonathanvandenberg/2024/rnbackend/src/modules/agent/services.ts:21:38\n\n  18 \n  19 const getAgentById = async (id: string\n  20 ) => {\n→ 21     const agent = await prisma.agent.findUnique({\n           where: {\n             id: undefined,\n         ?   AND?: AgentWhereInput | AgentWhereInput[],\n         ?   OR?: AgentWhereInput[],\n         ?   NOT?: AgentWhereInput | AgentWhereInput[],\n         ?   managerId?: StringFilter | String,\n         ?   firstName?: StringFilter | String,\n         ?   lastName?: StringFilter | String,\n         ?   email?: StringFilter | String,\n         ?   mobile?: StringFilter | String,\n         ?   imageUrl?: StringNullableFilter | String | Null,\n         ?   expertiseArea?: EnumAreaOfExpertiseFilter | AreaOfExpertise,\n         ?   created_at?: DateTimeFilter | DateTime,\n         ?   updatedAt?: DateTimeFilter | DateTime,\n         ?   manager?: ManagerRelationFilter | ManagerWhereInput,\n         ?   socialMedia?: SocialMediaListRelationFilter,\n         ?   students?: StudentListRelationFilter\n           }\n         })\n\nArgument `where` of type AgentWhereUniqueInput needs at least one of `id` arguments. Available options are marked with ?."}
{"level":"info","message":"\nInvalid `prisma.agent.findUnique()` invocation in\n/Users/jonathanvandenberg/2024/rnbackend/src/modules/agent/services.ts:21:38\n\n  18 \n  19 const getAgentById = async (id: string\n  20 ) => {\n→ 21     const agent = await prisma.agent.findUnique({\n           where: {\n             id: undefined,\n         ?   AND?: AgentWhereInput | AgentWhereInput[],\n         ?   OR?: AgentWhereInput[],\n         ?   NOT?: AgentWhereInput | AgentWhereInput[],\n         ?   managerId?: StringFilter | String,\n         ?   firstName?: StringFilter | String,\n         ?   lastName?: StringFilter | String,\n         ?   email?: StringFilter | String,\n         ?   mobile?: StringFilter | String,\n         ?   imageUrl?: StringNullableFilter | String | Null,\n         ?   expertiseArea?: EnumAreaOfExpertiseFilter | AreaOfExpertise,\n         ?   created_at?: DateTimeFilter | DateTime,\n         ?   updatedAt?: DateTimeFilter | DateTime,\n         ?   manager?: ManagerRelationFilter | ManagerWhereInput,\n         ?   socialMedia?: SocialMediaListRelationFilter,\n         ?   students?: StudentListRelationFilter\n           }\n         })\n\nArgument `where` of type AgentWhereUniqueInput needs at least one of `id` arguments. Available options are marked with ?."}
{"level":"info","message":"\nInvalid `prisma.agent.findUnique()` invocation in\n/Users/jonathanvandenberg/2024/rnbackend/src/modules/agent/services.ts:21:38\n\n  18 \n  19 const getAgentById = async (id: string\n  20 ) => {\n→ 21     const agent = await prisma.agent.findUnique({\n           where: {\n             id: undefined,\n         ?   AND?: AgentWhereInput | AgentWhereInput[],\n         ?   OR?: AgentWhereInput[],\n         ?   NOT?: AgentWhereInput | AgentWhereInput[],\n         ?   managerId?: StringFilter | String,\n         ?   firstName?: StringFilter | String,\n         ?   lastName?: StringFilter | String,\n         ?   email?: StringFilter | String,\n         ?   mobile?: StringFilter | String,\n         ?   imageUrl?: StringNullableFilter | String | Null,\n         ?   expertiseArea?: EnumAreaOfExpertiseFilter | AreaOfExpertise,\n         ?   created_at?: DateTimeFilter | DateTime,\n         ?   updatedAt?: DateTimeFilter | DateTime,\n         ?   manager?: ManagerRelationFilter | ManagerWhereInput,\n         ?   socialMedia?: SocialMediaListRelationFilter,\n         ?   students?: StudentListRelationFilter\n           }\n         })\n\nArgument `where` of type AgentWhereUniqueInput needs at least one of `id` arguments. Available options are marked with ?."}
{"level":"info","message":"rnbackend is running on port 8080"}
{"level":"info","message":"\nInvalid `prisma.agent.findUnique()` invocation in\n/Users/jonathanvandenberg/2024/rnbackend/src/modules/agent/services.ts:22:38\n\n  19 const getAgentById = async (id: string\n  20 ) => {\n  21     console.log('ID',id)\n→ 22     const agent = await prisma.agent.findUnique({\n           where: {\n             id: undefined,\n         ?   AND?: AgentWhereInput | AgentWhereInput[],\n         ?   OR?: AgentWhereInput[],\n         ?   NOT?: AgentWhereInput | AgentWhereInput[],\n         ?   managerId?: StringFilter | String,\n         ?   firstName?: StringFilter | String,\n         ?   lastName?: StringFilter | String,\n         ?   email?: StringFilter | String,\n         ?   mobile?: StringFilter | String,\n         ?   imageUrl?: StringNullableFilter | String | Null,\n         ?   expertiseArea?: EnumAreaOfExpertiseFilter | AreaOfExpertise,\n         ?   created_at?: DateTimeFilter | DateTime,\n         ?   updatedAt?: DateTimeFilter | DateTime,\n         ?   manager?: ManagerRelationFilter | ManagerWhereInput,\n         ?   socialMedia?: SocialMediaListRelationFilter,\n         ?   students?: StudentListRelationFilter\n           }\n         })\n\nArgument `where` of type AgentWhereUniqueInput needs at least one of `id` arguments. Available options are marked with ?."}
{"level":"info","message":"rnbackend is running on port 8080"}
{"level":"info","message":"\nInvalid `prisma.agent.findUnique()` invocation in\n/Users/jonathanvandenberg/2024/rnbackend/src/modules/agent/services.ts:22:38\n\n  19 const getAgentById = async (id: string\n  20 ) => {\n  21     console.log('ID',id)\n→ 22     const agent = await prisma.agent.findUnique({\n           where: {\n             id: undefined,\n         ?   AND?: AgentWhereInput | AgentWhereInput[],\n         ?   OR?: AgentWhereInput[],\n         ?   NOT?: AgentWhereInput | AgentWhereInput[],\n         ?   managerId?: StringFilter | String,\n         ?   firstName?: StringFilter | String,\n         ?   lastName?: StringFilter | String,\n         ?   email?: StringFilter | String,\n         ?   mobile?: StringFilter | String,\n         ?   imageUrl?: StringNullableFilter | String | Null,\n         ?   expertiseArea?: EnumAreaOfExpertiseFilter | AreaOfExpertise,\n         ?   created_at?: DateTimeFilter | DateTime,\n         ?   updatedAt?: DateTimeFilter | DateTime,\n         ?   manager?: ManagerRelationFilter | ManagerWhereInput,\n         ?   socialMedia?: SocialMediaListRelationFilter,\n         ?   students?: StudentListRelationFilter\n           }\n         })\n\nArgument `where` of type AgentWhereUniqueInput needs at least one of `id` arguments. Available options are marked with ?."}
{"level":"info","message":"rnbackend is running on port 8080"}
{"level":"info","message":"rnbackend is running on port 8080"}
{"level":"info","message":"rnbackend is running on port 8080"}
{"clientVersion":"5.12.1","level":"info","name":"PrismaClientValidationError"}
{"level":"info","message":"rnbackend is running on port 8080"}
{"level":"info","message":"rnbackend is running on port 8080"}
{"clientVersion":"5.12.1","code":"P2002","level":"info","meta":{"modelName":"Student","target":["agentId"]},"name":"PrismaClientKnownRequestError"}
{"clientVersion":"5.12.1","code":"P2002","level":"info","meta":{"modelName":"Student","target":["agentId"]},"name":"PrismaClientKnownRequestError"}
{"level":"info","message":"rnbackend is running on port 8080"}
{"level":"info","message":"Backend is running on port 8080"}
{"level":"info","message":"Backend is running on port 8080"}
{"level":"info","message":"Backend is running on port 8080"}
{"level":"info","message":"Backend is running on port 8080"}
{"level":"info","message":"Backend is running on port 8080"}
{"clientVersion":"5.12.1","level":"info","name":"PrismaClientValidationError"}
{"clientVersion":"5.12.1","level":"info","name":"PrismaClientValidationError"}
{"level":"info","message":"Backend is running on port 8080"}
{"clientVersion":"5.12.1","level":"info","name":"PrismaClientValidationError"}
{"level":"info","message":"Backend is running on port 8080"}
{"level":"info","message":"Backend is running on port 8080"}
{"level":"info","message":"Backend is running on port 8080"}
{"level":"info","message":"Backend is running on port 8080"}
{"level":"info","message":"Backend is running on port 8080"}
{"level":"info","message":"Backend is running on port 8080"}
{"clientVersion":"5.12.1","level":"info","name":"PrismaClientValidationError"}
{"level":"info","message":"Backend is running on port 8080"}
{"level":"info"}
{"level":"info","message":"Backend is running on port 8080"}
{"level":"info","message":"Backend is running on port 8080"}
{"level":"info","message":"Backend is running on port 8080"}
{"level":"info","message":"Backend is running on port 8080"}
{"level":"info","message":"Backend is running on port 8080"}
{"level":"info","message":"Backend is running on port 8080"}
{"level":"info","message":"Backend is running on port 8080"}
{"level":"info","message":"Backend is running on port 8080"}
{"level":"info","message":"Backend is running on port 8080"}
{"clientVersion":"5.12.1","level":"info","name":"PrismaClientValidationError"}
{"level":"info","message":"Backend is running on port 8080"}
{"level":"info","message":"Backend is running on port 8080"}
{"level":"info","message":"Backend is running on port 8080"}
{"level":"info","message":"Backend is running on port 8080"}
{"level":"info","message":"Backend is running on port 8080"}
{"level":"info","message":"Backend is running on port 8080"}
{"level":"info","message":"Backend is running on port 8080"}
{"level":"info","message":"Backend is running on port 8080"}
{"level":"info","message":"Backend is running on port 8080"}
{"level":"info","message":"Backend is running on port 8080"}
{"level":"info","message":"Backend is running on port 8080"}
{"level":"info","message":"Backend is running on port 8080"}
{"level":"info","message":"Backend is running on port 8080"}
{"level":"info","message":"Backend is running on port 8080"}
{"level":"info","message":"Backend is running on port 8080"}
{"level":"info","message":"Backend is running on port 8080"}
{"level":"info","message":"Backend is running on port 8080"}
{"level":"info","message":"Backend is running on port 8080"}
{"level":"info","message":"Backend is running on port 8080"}
{"level":"info","message":"Backend is running on port 8080"}
{"level":"info","message":"Backend is running on port 8080"}
{"clientVersion":"5.12.1","code":"P2003","level":"info","meta":{"field_name":"Document_directoryId_fkey (index)","modelName":"Document"},"name":"PrismaClientKnownRequestError"}
{"clientVersion":"5.12.1","code":"P2025","level":"info","meta":{"cause":"Record to update not found.","modelName":"Agent"},"name":"PrismaClientKnownRequestError"}
{"level":"info","message":"Backend is running on port 8080"}
{"level":"info","message":"Backend is running on port 8080"}
{"level":"info","message":"Backend is running on port 8080"}
{"level":"info","message":"Backend is running on port 8080"}
{"level":"info","message":"Backend is running on port 8080"}
{"level":"info","message":"Backend is running on port 8080"}
{"level":"info"}
{"level":"info","message":"Backend is running on port 8080"}
{"level":"info","message":"Backend is running on port 8080"}
{"level":"info","message":"Backend is running on port 8080"}
{"level":"info","message":"Backend is running on port 8080"}
{"level":"info","message":"Backend is running on port 8080"}
{"level":"info","message":"Backend is running on port 8080"}
{"clientVersion":"5.12.1","level":"info","name":"PrismaClientValidationError"}
{"level":"info","message":"Backend is running on port 8080"}
{"clientVersion":"5.12.1","level":"info","name":"PrismaClientValidationError"}
{"level":"info","message":"Backend is running on port 8080"}
{"clientVersion":"5.12.1","level":"info","name":"PrismaClientValidationError"}
{"clientVersion":"5.12.1","level":"info","name":"PrismaClientValidationError"}
{"level":"info","message":"Backend is running on port 8080"}
{"clientVersion":"5.12.1","level":"info","name":"PrismaClientValidationError"}
{"clientVersion":"5.12.1","level":"info","name":"PrismaClientValidationError"}
{"clientVersion":"5.12.1","level":"info","name":"PrismaClientValidationError"}
{"clientVersion":"5.12.1","level":"info","name":"PrismaClientValidationError"}
{"level":"info","message":"Backend is running on port 8080"}
{"clientVersion":"5.12.1","level":"info","name":"PrismaClientValidationError"}
{"level":"info","message":"Backend is running on port 8080"}
{"level":"info"}
{"level":"info","message":"Backend is running on port 8080"}
{"level":"info"}
{"level":"info","message":"Backend is running on port 8080"}
{"level":"info"}
{"level":"info","message":"Backend is running on port 8080"}
{"level":"info","message":"\nInvalid `prisma.requirement.findUnique()` invocation in\n/Users/jonathanvandenberg/2024/rnbackend/src/modules/requirement/services.ts:48:50\n\n  45 \n  46 const getRequirementById = async (id: string\n  47 ) => {\n→ 48     const requirement = await prisma.requirement.findUnique({\n           where: {\n             id: undefined,\n         ?   AND?: RequirementWhereInput | RequirementWhereInput[],\n         ?   OR?: RequirementWhereInput[],\n         ?   NOT?: RequirementWhereInput | RequirementWhereInput[],\n         ?   organisationId?: StringFilter | String,\n         ?   courseId?: StringNullableFilter | String | Null,\n         ?   studentId?: StringNullableFilter | String | Null,\n         ?   details?: StringFilter | String,\n         ?   status?: EnumRequirementStatusFilter | RequirementStatus,\n         ?   type?: EnumRequirementTypeFilter | RequirementType,\n         ?   created_at?: DateTimeFilter | DateTime,\n         ?   updatedAt?: DateTimeFilter | DateTime,\n         ?   student?: StudentNullableRelationFilter | StudentWhereInput | Null,\n         ?   organisation?: OrganisationRelationFilter | OrganisationWhereInput,\n         ?   directory?: DirectoryNullableRelationFilter | DirectoryWhereInput | Null,\n         ?   course?: CourseNullableRelationFilter | CourseWhereInput | Null\n           }\n         })\n\nArgument `where` of type RequirementWhereUniqueInput needs at least one of `id` arguments. Available options are marked with ?."}
{"level":"info","message":"Backend is running on port 8080"}
{"level":"info","message":"Backend is running on port 8080"}
{"clientVersion":"5.12.1","code":"P2025","level":"info","meta":{"cause":"Record to update not found.","modelName":"Manager"},"name":"PrismaClientKnownRequestError"}
{"clientVersion":"5.12.1","code":"P2025","level":"info","meta":{"cause":"Record to update not found.","modelName":"Agent"},"name":"PrismaClientKnownRequestError"}
{"level":"info"}
{"clientVersion":"5.12.1","code":"P2025","level":"info","meta":{"cause":"Record to update not found.","modelName":"Document"},"name":"PrismaClientKnownRequestError"}
{"clientVersion":"5.12.1","level":"info","name":"PrismaClientValidationError"}
{"clientVersion":"5.12.1","code":"P2003","level":"info","meta":{"field_name":"Document_directoryId_fkey (index)","modelName":"Document"},"name":"PrismaClientKnownRequestError"}
{"level":"info","message":"Backend is running on port 8080"}
{"clientVersion":"5.12.1","code":"P2003","level":"info","meta":{"field_name":"Document_directoryId_fkey (index)","modelName":"Document"},"name":"PrismaClientKnownRequestError"}
{"level":"info"}
{"level":"info","message":"Backend is running on port 8080"}
{"level":"info","message":"Backend is running on port 8080"}
{"level":"info","message":"Backend is running on port 8080"}
{"level":"info","message":"Backend is running on port 8080"}
{"level":"info","message":"Backend is running on port 8080"}
{"level":"info","message":"Backend is running on port 8080"}
{"clientVersion":"5.12.1","code":"P2002","level":"info","meta":{"modelName":"Directory","target":["requirementId"]},"name":"PrismaClientKnownRequestError"}
{"level":"info","message":"Backend is running on port 8080"}
{"level":"info","message":"Backend is running on port 8080"}
{"level":"info"}
{"level":"info","message":"Backend is running on port 8080"}
{"level":"info"}
{"level":"info","message":"Backend is running on port 8080"}
{"level":"info"}
{"level":"info","message":"Backend is running on port 8080"}
{"level":"info"}
{"level":"info","message":"Backend is running on port 8080"}
{"level":"info"}
{"level":"info","message":"Backend is running on port 8080"}
{"level":"info","message":"Backend is running on port 8080"}
{"level":"info","message":"Backend is running on port 8080"}
{"level":"info","message":"Backend is running on port 8080"}
{"level":"info","message":"Backend is running on port 8080"}
{"level":"info","message":"Backend is running on port 8080"}
{"level":"info","message":"Backend is running on port 8080"}
{"level":"info","message":"Backend is running on port 8080"}
{"level":"info","message":"Backend is running on port 8080"}
{"level":"info","message":"Backend is running on port 8080"}
{"level":"info","message":"Backend is running on port 8080"}
{"level":"info","message":"Backend is running on port 8080"}
{"level":"info","message":"Backend is running on port 8080"}
{"level":"info","message":"Backend is running on port 8080"}
{"level":"info","message":"Backend is running on port 8080"}
{"level":"info","message":"Backend is running on port 8080"}
{"level":"info","message":"Backend is running on port 8080"}
{"level":"info","message":"Backend is running on port 8080"}
{"level":"info","message":"Backend is running on port 8080"}
{"level":"info","message":"Backend is running on port 8080"}
{"level":"info","message":"Backend is running on port 8080"}
{"level":"info","message":"Backend is running on port 8080"}
{"level":"info","message":"Backend is running on port 8080"}
{"level":"info","message":"Backend is running on port 8080"}
{"level":"info","message":"Backend is running on port 8080"}
{"level":"info","message":"Backend is running on port 8080"}
{"level":"info","message":"Backend is running on port 8080"}
{"level":"info","message":"Backend is running on port 8080"}
{"level":"info","message":"Backend is running on port 8080"}
{"level":"info","message":"Backend is running on port 8080"}
{"level":"info","message":"Backend is running on port 8080"}
{"level":"info","message":"Backend is running on port 8080"}
{"level":"info","message":"Backend is running on port 8080"}
{"level":"info","message":"Backend is running on port 8080"}
{"level":"info","message":"Backend is running on port 8080"}
{"level":"info","message":"Backend is running on port 8080"}
{"level":"info","message":"Backend is running on port 8080"}
{"level":"info","message":"Backend is running on port 8080"}
{"level":"info","message":"Backend is running on port 8080"}
{"level":"info","message":"Backend is running on port 8080"}
{"code":"ENOENT","errno":-2,"level":"info","path":"/Users/jonathanvandenberg/2024/rnbackend/src/templates/agencyCreatedTemplate.html","syscall":"open"}
{"code":"ENOENT","errno":-2,"level":"info","path":"/Users/jonathanvandenberg/2024/rnbackend/src/templates/agencyCreatedTemplate.html","syscall":"open"}
{"code":"ENOENT","errno":-2,"level":"info","path":"/Users/jonathanvandenberg/2024/rnbackend/src/templates/agencyCreatedTemplate.html","syscall":"open"}
{"level":"info","message":"Backend is running on port 8080"}
{"code":"ENOENT","errno":-2,"level":"info","path":"/Users/jonathanvandenberg/2024/rnbackend/src/templates/agency-created.html","syscall":"open"}
{"level":"info","message":"Backend is running on port 8080"}
{"level":"info","message":"Backend is running on port 8080"}
{"level":"info","message":"Backend is running on port 8080"}
{"level":"info","message":"Backend is running on port 8080"}
{"level":"info","message":"Backend is running on port 8080"}
{"level":"info","message":"Backend is running on port 8080"}
{"level":"info","message":"Backend is running on port 8080"}
{"level":"info","message":"Backend is running on port 8080"}
{"level":"info","message":"Backend is running on port 8080"}
{"level":"info","message":"Backend is running on port 8080"}
{"level":"info","message":"Backend is running on port 8080"}
{"level":"info","message":"Backend is running on port 8080"}
{"level":"info","message":"Backend is running on port 8080"}
{"level":"info"}
{"level":"info","message":"Backend is running on port 8080"}
{"clientVersion":"5.12.1","level":"info","name":"PrismaClientValidationError"}
{"level":"info","message":"Backend is running on port 8080"}
{"clientVersion":"5.12.1","level":"info","name":"PrismaClientValidationError"}
{"clientVersion":"5.12.1","level":"info","name":"PrismaClientValidationError"}
{"level":"info","message":"Backend is running on port 8080"}
{"level":"info","message":"Backend is running on port 8080"}
{"level":"info","message":"Backend is running on port 8080"}
{"level":"info","message":"Backend is running on port 8080"}
{"level":"info","message":"Backend is running on port 8080"}
{"level":"info","message":"Backend is running on port 8080"}
{"level":"info","message":"Backend is running on port 8080"}
{"level":"info","message":"Backend is running on port 8080"}
{"level":"info","message":"Backend is running on port 8080"}
{"level":"info","message":"Backend is running on port 8080"}
{"level":"info","message":"Backend is running on port 8080"}
{"level":"info","message":"Backend is running on port 8080"}
{"level":"info","message":"Backend is running on port 8080"}
{"level":"info","message":"Backend is running on port 8080"}
{"level":"info","message":"Backend is running on port 8080"}
{"level":"info","message":"Backend is running on port 8080"}
{"level":"info","message":"Backend is running on port 8080"}
{"level":"info","message":"Backend is running on port 8080"}
{"level":"info","message":"Backend is running on port 8080"}
{"level":"info"}
{"level":"info","message":"Backend is running on port 8080"}
{"clientVersion":"5.12.1","level":"info","name":"PrismaClientValidationError"}
{"level":"info","message":"Backend is running on port 8080"}
{"level":"info","message":"Backend is running on port 8080"}
{"level":"info","message":"Backend is running on port 8080"}
{"level":"info","message":"Backend is running on port 8080"}
{"level":"info","message":"Backend is running on port 8080"}
{"level":"info","message":"Backend is running on port 8080"}
{"level":"info","message":"Backend is running on port 8080"}
{"level":"info","message":"Backend is running on port 8080"}
{"level":"info","message":"Backend is running on port 8080"}
{"level":"info","message":"Backend is running on port 8080"}
{"level":"info","message":"Backend is running on port 8080"}
{"level":"info","message":"Backend is running on port 8080"}
{"level":"info","message":"Backend is running on port 8080"}
{"level":"info","message":"Backend is running on port 8080"}
